<?xml version="1.0" encoding="UTF-8"?>
<testsuite name="org.wallerlab.yoink.clustering.louvain.AggregationTupleSpec" tests="1" skipped="0" failures="0" errors="0" timestamp="2016-06-17T13:24:52" hostname="VPN-POOL1-PNT-00538.UNI-MUENSTER.DE" time="0.048">
  <properties/>
  <testcase name="test creation" classname="org.wallerlab.yoink.clustering.louvain.AggregationTupleSpec" time="0.048"/>
  <system-out><![CDATA[]]></system-out>
  <system-err><![CDATA[]]></system-err>
</testsuite>
