<?xml version="1.0" encoding="UTF-8"?>
<testsuite name="org.wallerlab.yoink.clustering.DatabaseInteractionSpec" tests="2" skipped="0" failures="0" errors="0" timestamp="2016-06-17T13:24:50" hostname="VPN-POOL1-PNT-00538.UNI-MUENSTER.DE" time="0.595">
  <properties/>
  <testcase name="test run" classname="org.wallerlab.yoink.clustering.DatabaseInteractionSpec" time="0.262"/>
  <testcase name="add nodes" classname="org.wallerlab.yoink.clustering.DatabaseInteractionSpec" time="0.333"/>
  <system-out><![CDATA[]]></system-out>
  <system-err><![CDATA[]]></system-err>
</testsuite>
