<?xml version="1.0" encoding="UTF-8"?>
<testsuite name="org.wallerlab.yoink.clustering.ReturnInteractionSetSpec" tests="1" skipped="0" failures="0" errors="0" timestamp="2016-06-17T13:24:51" hostname="VPN-POOL1-PNT-00538.UNI-MUENSTER.DE" time="0.318">
  <properties/>
  <testcase name="water cluster" classname="org.wallerlab.yoink.clustering.ReturnInteractionSetSpec" time="0.318"/>
  <system-out><![CDATA[[0#1:[Node[1], Node[3]], 0#2:[Node[0], Node[2]]]
]]></system-out>
  <system-err><![CDATA[Jun 17, 2016 9:24:51 PM org.wallerlab.yoink.clustering.louvain.LouvainAlgoImpl louvain
INFO: Iterations: 1, Communities: 2
Jun 17, 2016 9:24:51 PM org.wallerlab.yoink.clustering.louvain.LouvainAlgoImpl louvain
INFO: Iterations: 2, Communities: 2, converged!
]]></system-err>
</testsuite>
