<?xml version="1.0" encoding="UTF-8"?>
<testsuite name="org.wallerlab.yoink.clustering.CompleteLouvainIntegrationSpec" tests="3" skipped="0" failures="0" errors="0" timestamp="2016-06-17T13:24:46" hostname="VPN-POOL1-PNT-00538.UNI-MUENSTER.DE" time="4.025">
  <properties/>
  <testcase name="cluster" classname="org.wallerlab.yoink.clustering.CompleteLouvainIntegrationSpec" time="2.758"/>
  <testcase name="cluster weights" classname="org.wallerlab.yoink.clustering.CompleteLouvainIntegrationSpec" time="0.523"/>
  <testcase name="cluster2" classname="org.wallerlab.yoink.clustering.CompleteLouvainIntegrationSpec" time="0.744"/>
  <system-out><![CDATA[cluster
in louvain clustering
[0:6, 1:2]
cluster
in louvain clustering
[0:4, 1:2, 2:2]
[[java.lang.Object@5779c3fe, java.lang.Object@75412676], [java.lang.Object@6717fd4f, java.lang.Object@1a67dfce]]
cluster
in louvain clustering
[0:16, 1:7, 2:3, 3:2]
[[1, 2, 4], [8, 15], [0, 5], [10, 13], [6, 11], [3, 7], [9, 12, 14]]
[[0, 1, 2, 4, 5], [3, 6, 7, 11], [8, 9, 10, 12, 13, 14, 15]]
]]></system-out>
  <system-err><![CDATA[Jun 17, 2016 9:24:48 PM org.wallerlab.yoink.clustering.louvain.LouvainAlgoImpl louvain
INFO: Iterations: 1, Communities: 2
Jun 17, 2016 9:24:49 PM org.wallerlab.yoink.clustering.louvain.LouvainAlgoImpl louvain
INFO: Iterations: 1, Communities: 2
Jun 17, 2016 9:24:49 PM org.wallerlab.yoink.clustering.louvain.LouvainAlgoImpl louvain
INFO: Iterations: 2, Communities: 2, converged!
Jun 17, 2016 9:24:49 PM org.wallerlab.yoink.clustering.louvain.LouvainAlgoImpl louvain
INFO: Iterations: 1, Communities: 7
Jun 17, 2016 9:24:49 PM org.wallerlab.yoink.clustering.louvain.LouvainAlgoImpl louvain
INFO: Iterations: 2, Communities: 3
Jun 17, 2016 9:24:49 PM org.wallerlab.yoink.clustering.louvain.LouvainAlgoImpl louvain
INFO: Iterations: 3, Communities: 2
]]></system-err>
</testsuite>
